Start testing: Feb 09 02:51 BRST
----------------------------------------------------------
1/3 Testing: test_frame_detection
1/3 Test: test_frame_detection
Command: "/bin/sh" "/home/franchz/Documents/UTFPR/10o_periodo/TCC2/projeto/tcc/gnuradio/gr-frame_detection/build/lib/test_frame_detection_test.sh"
Directory: /home/franchz/Documents/UTFPR/10o_periodo/TCC2/projeto/tcc/gnuradio/gr-frame_detection/build/lib
"test_frame_detection" start time: Feb 09 02:51 BRST
Output:
----------------------------------------------------------


<end of output>
Test time =   0.01 sec
----------------------------------------------------------
Test Passed.
"test_frame_detection" end time: Feb 09 02:51 BRST
"test_frame_detection" time elapsed: 00:00:00
----------------------------------------------------------

2/3 Testing: qa_deinterleaver_bb
2/3 Test: qa_deinterleaver_bb
Command: "/bin/sh" "/home/franchz/Documents/UTFPR/10o_periodo/TCC2/projeto/tcc/gnuradio/gr-frame_detection/build/python/qa_deinterleaver_bb_test.sh"
Directory: /home/franchz/Documents/UTFPR/10o_periodo/TCC2/projeto/tcc/gnuradio/gr-frame_detection/build/python
"qa_deinterleaver_bb" start time: Feb 09 02:51 BRST
Output:
----------------------------------------------------------
......
----------------------------------------------------------------------
Ran 6 tests in 0.012s

OK
<end of output>
Test time =   0.21 sec
----------------------------------------------------------
Test Passed.
"qa_deinterleaver_bb" end time: Feb 09 02:51 BRST
"qa_deinterleaver_bb" time elapsed: 00:00:00
----------------------------------------------------------

3/3 Testing: qa_preamble_detector_bb
3/3 Test: qa_preamble_detector_bb
Command: "/bin/sh" "/home/franchz/Documents/UTFPR/10o_periodo/TCC2/projeto/tcc/gnuradio/gr-frame_detection/build/python/qa_preamble_detector_bb_test.sh"
Directory: /home/franchz/Documents/UTFPR/10o_periodo/TCC2/projeto/tcc/gnuradio/gr-frame_detection/build/python
"qa_preamble_detector_bb" start time: Feb 09 02:51 BRST
Output:
----------------------------------------------------------
2
4
8
16
1
2
3
4
sending message
2
sending message
4
sending message
8
16
8
7
6
5
0
0
2
4
8
16
1
2
3
4
sending message
2
sending message
4
sending message
8
16
8
7
6
5
0
0
F
======================================================================
FAIL: test_012_t (__main__.qa_preamble_detector_bb)
----------------------------------------------------------------------
Traceback (most recent call last):
  File "/home/franchz/Documents/UTFPR/10o_periodo/TCC2/projeto/tcc/gnuradio/gr-frame_detection/python/qa_preamble_detector_bb.py", line 46, in test_012_t
    self.assertEqual(expected_result, result_data)
AssertionError: Tuples differ: (0, 0, 0, 255, 255, 255, 1, 2,... != (0L, 0L, 0L, 255L, 255L, 255L,...

First differing element 13:
255
0

First tuple contains 2 additional elements.
First extra element 18:
6

- (0, 0, 0, 255, 255, 255, 1, 2, 3, 4, 0, 0, 0, 255, 255, 255, 8, 7, 6, 5)
+ (0L, 0L, 0L, 255L, 255L, 255L, 1L, 2L, 3L, 4L, 0L, 0L, 0L, 0L, 0L, 0L, 0L, 0L)

----------------------------------------------------------------------
Ran 1 test in 0.002s

FAILED (failures=1)
<end of output>
Test time =   0.19 sec
----------------------------------------------------------
Test Failed.
"qa_preamble_detector_bb" end time: Feb 09 02:51 BRST
"qa_preamble_detector_bb" time elapsed: 00:00:00
----------------------------------------------------------

End testing: Feb 09 02:51 BRST
